INFO:root:i found 64 lines
INFO:root:Shop deducter found <class 'algorithm.readers.SosediReceiptReader'>
INFO:root:i found 64 lines
INFO:root:Shop deducter found <class 'algorithm.readers.SosediReceiptReader'>
INFO:root:starting shopping
INFO:root:created new purchase number 18
INFO:root:created new purchase number 20
INFO:root:created new purchase number 22
INFO:root:created new purchase number 24
INFO:root:created new purchase number 26
INFO:root:created new purchase number 28
INFO:root:created new purchase number 30
INFO:root:created new purchase number 32
INFO:root:line 34 is too large. it consists of 2 lines
INFO:root:created new purchase number 37
INFO:root:created new purchase number 39
INFO:root:line 40 is too large. it consists of 2 lines
INFO:root:created new purchase number 42
INFO:root:created new purchase number 44
INFO:root:created new purchase number 46
INFO:root:created new purchase number 48
INFO:root:created new purchase number 50
INFO:root:created new purchase number 52
INFO:root:created new purchase number 54
INFO:root:created new purchase number 56
INFO:root:line 57 is too large. it consists of 2 lines
INFO:root:finished shopping
INFO:root:start reading text
INFO:root:i found 64 lines
INFO:root:Shop deducter found <class 'algorithm.readers.SosediReceiptReader'>
INFO:root:starting shopping
INFO:root:created new purchase number 18
INFO:root:created new purchase number 20
INFO:root:created new purchase number 22
INFO:root:created new purchase number 24
INFO:root:created new purchase number 26
INFO:root:created new purchase number 28
INFO:root:created new purchase number 30
INFO:root:created new purchase number 32
INFO:root:line 34 is too large. it consists of 2 lines
INFO:root:created new purchase number 37
INFO:root:created new purchase number 39
INFO:root:line 40 is too large. it consists of 2 lines
INFO:root:created new purchase number 42
INFO:root:created new purchase number 44
INFO:root:created new purchase number 46
INFO:root:created new purchase number 48
INFO:root:created new purchase number 50
INFO:root:created new purchase number 52
INFO:root:created new purchase number 54
INFO:root:created new purchase number 56
INFO:root:line 57 is too large. it consists of 2 lines
INFO:root:finished shopping
INFO:root:start reading text
INFO:root:i found 64 lines
INFO:root:Shop deducter found <class 'algorithm.readers.SosediReceiptReader'>
INFO:root:starting shopping
INFO:root:created new purchase number 18
INFO:root:created new purchase number 20
INFO:root:created new purchase number 22
INFO:root:created new purchase number 24
INFO:root:created new purchase number 26
INFO:root:created new purchase number 28
INFO:root:created new purchase number 30
INFO:root:created new purchase number 32
INFO:root:line 34 is too large. it consists of 1 lines
INFO:root:created new purchase number 36
INFO:root:created new purchase number 38
INFO:root:line 40 is too large. it consists of 2 lines
INFO:root:created new purchase number 43
INFO:root:created new purchase number 45
INFO:root:created new purchase number 47
INFO:root:created new purchase number 49
INFO:root:created new purchase number 51
INFO:root:created new purchase number 53
INFO:root:created new purchase number 55
INFO:root:line 57 is too large. it consists of 1 lines
INFO:root:finished shopping
INFO:root:start reading text
INFO:root:i found 8 lines
INFO:root:Shop deducter found <class 'algorithm.readers.SosediReceiptReader'>
INFO:root:starting shopping
INFO:root:line 5 is too large. it consists of 18 lines
INFO:root:finished shopping
INFO:root:start reading text
INFO:root:i found 5 lines
INFO:root:Shop deducter found <class 'algorithm.readers.SosediReceiptReader'>
INFO:root:starting shopping
INFO:root:finished shopping
INFO:root:start reading text
INFO:root:i found 64 lines
INFO:root:Shop deducter found <class 'algorithm.readers.SosediReceiptReader'>
INFO:root:starting shopping
INFO:root:created new purchase number 18
INFO:root:created new purchase number 20
INFO:root:created new purchase number 22
INFO:root:created new purchase number 24
INFO:root:created new purchase number 26
INFO:root:created new purchase number 28
INFO:root:created new purchase number 30
INFO:root:created new purchase number 32
INFO:root:line 34 is too large. it consists of 2 lines
INFO:root:created new purchase number 37
INFO:root:created new purchase number 39
INFO:root:line 40 is too large. it consists of 3 lines
INFO:root:created new purchase number 43
INFO:root:created new purchase number 45
INFO:root:created new purchase number 47
INFO:root:created new purchase number 49
INFO:root:created new purchase number 51
INFO:root:created new purchase number 53
INFO:root:created new purchase number 55
INFO:root:line 57 is too large. it consists of 2 lines
INFO:root:finished shopping
INFO:root:start reading text
INFO:root:i found 64 lines
INFO:root:Shop deducter found <class 'algorithm.readers.SosediReceiptReader'>
INFO:root:starting shopping
INFO:root:created new purchase number 18
INFO:root:created new purchase number 20
INFO:root:created new purchase number 22
INFO:root:created new purchase number 24
INFO:root:created new purchase number 26
INFO:root:created new purchase number 28
INFO:root:created new purchase number 30
INFO:root:created new purchase number 32
INFO:root:line 34 is too large. it consists of 2 lines
INFO:root:created new purchase number 37
INFO:root:created new purchase number 39
INFO:root:line 40 is too large. it consists of 3 lines
INFO:root:created new purchase number 43
INFO:root:created new purchase number 45
INFO:root:created new purchase number 47
INFO:root:created new purchase number 49
INFO:root:created new purchase number 51
INFO:root:created new purchase number 53
INFO:root:created new purchase number 55
INFO:root:line 57 is too large. it consists of 2 lines
INFO:root:finished shopping
INFO:root:start reading text
INFO:root:i found 64 lines
INFO:root:Shop deducter found <class 'algorithm.readers.SosediReceiptReader'>
INFO:root:starting shopping
INFO:root:created new purchase number 18
INFO:root:created new purchase number 20
INFO:root:created new purchase number 22
INFO:root:created new purchase number 24
INFO:root:created new purchase number 26
INFO:root:created new purchase number 28
INFO:root:created new purchase number 30
INFO:root:created new purchase number 32
INFO:root:line 34 is too large. it consists of 2 lines
INFO:root:created new purchase number 37
INFO:root:created new purchase number 39
INFO:root:line 40 is too large. it consists of 3 lines
INFO:root:created new purchase number 43
INFO:root:created new purchase number 45
INFO:root:created new purchase number 47
INFO:root:created new purchase number 49
INFO:root:created new purchase number 51
INFO:root:created new purchase number 53
INFO:root:created new purchase number 55
INFO:root:line 57 is too large. it consists of 2 lines
INFO:root:finished shopping
INFO:root:start reading text
INFO:root:i found 64 lines
INFO:root:Shop deducter found <class 'algorithm.readers.SosediReceiptReader'>
INFO:root:starting shopping
INFO:root:created new purchase number 18
INFO:root:created new purchase number 20
INFO:root:created new purchase number 22
INFO:root:created new purchase number 24
INFO:root:created new purchase number 26
INFO:root:created new purchase number 28
INFO:root:created new purchase number 30
INFO:root:created new purchase number 32
INFO:root:line 34 is too large. it consists of 2 lines
INFO:root:created new purchase number 37
INFO:root:created new purchase number 39
INFO:root:line 40 is too large. it consists of 3 lines
INFO:root:created new purchase number 43
INFO:root:created new purchase number 45
INFO:root:created new purchase number 47
INFO:root:created new purchase number 49
INFO:root:created new purchase number 51
INFO:root:created new purchase number 53
INFO:root:created new purchase number 55
INFO:root:line 57 is too large. it consists of 2 lines
INFO:root:finished shopping
INFO:root:start reading text
